<?xml version="1.0" encoding="UTF-8"?>
<!-- Generated by org.testng.reporters.JUnitReportReporter -->
<testsuite hostname="4e4530444b55556" failures="0" tests="21" name="testcases.dispensary_testcase" time="80.200" errors="0" timestamp="2025-03-22T20:51:51 IST" skipped="0">
  <testcase classname="testcases.dispensary_testcase" name="verifyTitleOfTheHomePage" time="5.738"/>
  <testcase classname="testcases.dispensary_testcase" name="verifyDispensaryModuleIsPresentOrNot" time="0.070"/>
  <testcase classname="testcases.dispensary_testcase" name="verifyAllSubModulesArePresent" time="0.744"/>
  <testcase classname="testcases.dispensary_testcase" name="scrollToButtomAndVerifyTheFields" time="6.373"/>
  <testcase classname="testcases.dispensary_testcase" name="performTheKeyboardOperationToOpenThePopup" time="0.268"/>
  <testcase classname="testcases.dispensary_testcase" name="validateTheErrorMessageInFirstnameTextfield" time="5.293"/>
  <testcase classname="testcases.dispensary_testcase" name="fillAllTheTextfields" time="1.155"/>
  <testcase classname="testcases.dispensary_testcase" name="validateTheConfirmMessage" time="0.499"/>
  <testcase classname="testcases.dispensary_testcase" name="selectFilterverifyFilterIsSelectedOrNot" time="3.423"/>
  <testcase classname="testcases.dispensary_testcase" name="validateTheButtonIsPresentAndNavigateToThisPage" time="0.389"/>
  <testcase classname="testcases.dispensary_testcase" name="verifyTheFieldsAreDisplayed" time="0.346"/>
  <testcase classname="testcases.dispensary_testcase" name="verifyThePageNameAndButtons" time="0.499"/>
  <testcase classname="testcases.dispensary_testcase" name="fetchTheDataFromTheTable" time="0.072"/>
  <testcase classname="testcases.dispensary_testcase" name="validatePlaceholderName" time="3.540"/>
  <testcase classname="testcases.dispensary_testcase" name="performJavaScriptExecutorOperation" time="3.131"/>
  <testcase classname="testcases.dispensary_testcase" name="verifyTooltipOfAnElement" time="0.790"/>
  <testcase classname="testcases.dispensary_testcase" name="verifyIndiaIsSelectedFromCountryDropdown" time="1.560"/>
  <testcase classname="testcases.dispensary_testcase" name="takingScreenshotOfCurrentPage" time="0.264"/>
  <testcase classname="testcases.dispensary_testcase" name="uploadImageInScannedImagesSection" time="23.691"/>
  <testcase classname="testcases.dispensary_testcase" name="handleAlertPopup" time="8.550"/>
  <testcase classname="testcases.dispensary_testcase" name="handleCheckBox" time="13.805"/>
</testsuite> <!-- testcases.dispensary_testcase -->
